[21:00:34] [main/INFO]: Loading Minecraft 1.19.2 with Quilt Loader 0.17.8
[21:00:34] [main/INFO]: Loading mappings: jar:file:/D:/Files/XE/AppData/Roaming/PrismLauncher/libraries/net/fabricmc/intermediary/1.19.2/intermediary-1.19.2.jar!/mappings/mappings.tiny
[21:00:35] [main/INFO]: Loading 88 mods:
| Index | Mod                                               | ID                                            | Version                      |
|------:|---------------------------------------------------|-----------------------------------------------|------------------------------|
|    41 | BCLib                                             | bclib                                         | 2.1.5                        |
|    14 | Better Nether                                     | betternether                                  | 7.1.2                        |
|    49 | Minecraft                                         | minecraft                                     | 1.19.2                       |
|    12 | OpenJDK 64-Bit Server VM                          | java                                          | 17                           |
|    85 | Quilt Advancement API                             | quilt_advancement                             | 3.0.0-beta.24+1.19.2         |
|    58 | Quilt Base API                                    | quilt_base                                    | 3.0.0-beta.24+1.19.2         |
|    84 | Quilt Biome API                                   | quilt_biome                                   | 3.0.0-beta.24+1.19.2         |
|    78 | Quilt Block Content Registry API                  | quilt_block_content_registry                  | 3.0.0-beta.24+1.19.2         |
|    51 | Quilt Block Entity API                            | quilt_block_entity                            | 3.0.0-beta.24+1.19.2         |
|    26 | Quilt Block Extensions API                        | quilt_block_extensions                        | 3.0.0-beta.24+1.19.2         |
|    83 | Quilt Client Command API                          | quilt_client_command                          | 3.0.0-beta.24+1.19.2         |
|    23 | Quilt Command API                                 | quilt_command                                 | 3.0.0-beta.24+1.19.2         |
|    80 | Quilt Crash Info                                  | quilt_crash_info                              | 3.0.0-beta.24+1.19.2         |
|    67 | Quilt DataFixerUpper API                          | quilt_datafixerupper                          | 3.0.0-beta.24+1.19.2         |
|    40 | Quilt Dimension API                               | quilt_dimension                               | 3.0.0-beta.24+1.19.2         |
|    61 | Quilt Entity API                                  | quilt_entity                                  | 3.0.0-beta.24+1.19.2         |
|    50 | Quilt Entity Events                               | quilt_entity_events                           | 3.0.0-beta.24+1.19.2         |
|    42 | Quilt Entity Networking API                       | quilt_entity_networking                       | 3.0.0-beta.24+1.19.2         |
|     5 | Quilt Item Content Registry API                   | quilt_item_content_registry                   | 3.0.0-beta.24+1.19.2         |
|    65 | Quilt Item Extension API                          | quilt_item_extension                          | 3.0.0-beta.24+1.19.2         |
|     7 | Quilt Item Group API                              | quilt_item_group                              | 3.0.0-beta.24+1.19.2         |
|     1 | Quilt Item Setting API                            | quilt_item_setting                            | 3.0.0-beta.24+1.19.2         |
|    59 | Quilt Lifecycle Events                            | quilt_lifecycle_events                        | 3.0.0-beta.24+1.19.2         |
|    87 | Quilt Loader                                      | quilt_loader                                  | 0.17.8                       |
|    16 | Quilt Multipart Entity API                        | quilt_entity_multipart                        | 3.0.0-beta.24+1.19.2         |
|    27 | Quilt Networking                                  | quilt_networking                              | 3.0.0-beta.24+1.19.2         |
|    62 | Quilt Points of Interest                          | quilt_points_of_interest                      | 3.0.0-beta.24+1.19.2         |
|    35 | Quilt Recipe API                                  | quilt_recipe                                  | 3.0.0-beta.24+1.19.2         |
|     8 | Quilt Registry API                                | quilt_registry                                | 3.0.0-beta.24+1.19.2         |
|    77 | Quilt Registry Entry Attachment                   | quilt_registry_entry_attachment               | 3.0.0-beta.24+1.19.2         |
|    17 | Quilt Resource Loader                             | quilt_resource_loader                         | 3.0.0-beta.24+1.19.2         |
|    13 | Quilt Screen API                                  | quilt_screen                                  | 3.0.0-beta.24+1.19.2         |
|    63 | Quilt Status Effect API                           | quilt_status_effect                           | 3.0.0-beta.24+1.19.2         |
|    44 | Quilt Surface Rule API                            | quilt_surface_rule                            | 3.0.0-beta.24+1.19.2         |
|    18 | Quilt Tags API                                    | quilt_tags                                    | 3.0.0-beta.24+1.19.2         |
|    45 | Quilt Tooltip API                                 | quilt_tooltip                                 | 3.0.0-beta.24+1.19.2         |
|    46 | Quilt Vehicle API                                 | quilt_vehicle                                 | 3.0.0-beta.24+1.19.2         |
|    53 | Quilt Villager API                                | quilt_villager                                | 3.0.0-beta.24+1.19.2         |
|    28 | Quilted Fabric API                                | quilted_fabric_api                            | 4.0.0-beta.25+0.70.0-1.19.2  |
|    74 | Quilted Fabric API Base                           | quilted_fabric_api_base                       | 4.0.0-beta.25+0.70.0-1.19.2  |
|     4 | Quilted Fabric API Lookup API (v1)                | quilted_fabric_api_lookup_api_v1              | 4.0.0-beta.25+0.70.0-1.19.2  |
|    69 | Quilted Fabric Biome API (v1)                     | quilted_fabric_biome_api_v1                   | 4.0.0-beta.25+0.70.0-1.19.2  |
|    66 | Quilted Fabric Block API (v1)                     | quilted_fabric_block_api_v1                   | 4.0.0-beta.25+0.70.0-1.19.2  |
|    81 | Quilted Fabric BlockRenderLayer Registration (v1) | quilted_fabric_blockrenderlayer_v1            | 4.0.0-beta.25+0.70.0-1.19.2  |
|    79 | Quilted Fabric Client Tags                        | quilted_fabric_client_tags_api_v1             | 4.0.0-beta.25+0.70.0-1.19.2  |
|    36 | Quilted Fabric Command API (v1)                   | quilted_fabric_command_api_v1                 | 4.0.0-beta.25+0.70.0-1.19.2  |
|    39 | Quilted Fabric Command API (v2)                   | quilted_fabric_command_api_v2                 | 4.0.0-beta.25+0.70.0-1.19.2  |
|    32 | Quilted Fabric Commands (v0)                      | quilted_fabric_commands_v0                    | 4.0.0-beta.25+0.70.0-1.19.2  |
|    56 | Quilted Fabric Containers (v0)                    | quilted_fabric_containers_v0                  | 4.0.0-beta.25+0.70.0-1.19.2  |
|    73 | Quilted Fabric Content Registries (v0)            | quilted_fabric_content_registries_v0          | 4.0.0-beta.25+0.70.0-1.19.2  |
|    57 | Quilted Fabric Convention Tags API (v1)           | quilted_fabric_convention_tags_api_v1         | 4.0.0-beta.25+0.70.0-1.19.2  |
|    21 | Quilted Fabric Crash Report Info (v1)             | quilted_fabric_crash_report_info_v1           | 4.0.0-beta.25+0.70.0-1.19.2  |
|    82 | Quilted Fabric Data Generation API (v1)           | quilted_fabric_data_generation_api_v1         | 4.0.0-beta.25+0.70.0-1.19.2  |
|    30 | Quilted Fabric Dimensions API (v1)                | quilted_fabric_dimensions_v1                  | 4.0.0-beta.25+0.70.0-1.19.2  |
|    55 | Quilted Fabric Entity Events (v1)                 | quilted_fabric_entity_events_v1               | 4.0.0-beta.25+0.70.0-1.19.2  |
|    43 | Quilted Fabric Events Interaction (v0)            | quilted_fabric_events_interaction_v0          | 4.0.0-beta.25+0.70.0-1.19.2  |
|    72 | Quilted Fabric Events Lifecycle (v0)              | quilted_fabric_events_lifecycle_v0            | 4.0.0-beta.25+0.70.0-1.19.2  |
|    25 | Quilted Fabric Game Rule API (v1)                 | quilted_fabric_game_rule_api_v1               | 4.0.0-beta.25+0.70.0-1.19.2  |
|    64 | Quilted Fabric Item API (v1)                      | quilted_fabric_item_api_v1                    | 4.0.0-beta.25+0.70.0-1.19.2  |
|    10 | Quilted Fabric Item Groups (v0)                   | quilted_fabric_item_groups_v0                 | 4.0.0-beta.25+0.70.0-1.19.2  |
|    86 | Quilted Fabric Key Binding API (v1)               | quilted_fabric_key_binding_api_v1             | 4.0.0-beta.25+0.70.0-1.19.2  |
|    54 | Quilted Fabric Key Bindings (v0)                  | quilted_fabric_keybindings_v0                 | 4.0.0-beta.25+0.70.0-1.19.2  |
|     0 | Quilted Fabric Lifecycle Events (v1)              | quilted_fabric_lifecycle_events_v1            | 4.0.0-beta.25+0.70.0-1.19.2  |
|    38 | Quilted Fabric Loot API (v2)                      | quilted_fabric_loot_api_v2                    | 4.0.0-beta.25+0.70.0-1.19.2  |
|     6 | Quilted Fabric Loot Tables (v1)                   | quilted_fabric_loot_tables_v1                 | 4.0.0-beta.25+0.70.0-1.19.2  |
|    71 | Quilted Fabric Message API (v1)                   | quilted_fabric_message_api_v1                 | 4.0.0-beta.25+0.70.0-1.19.2  |
|    76 | Quilted Fabric Mining Level API (v1)              | quilted_fabric_mining_level_api_v1            | 4.0.0-beta.25+0.70.0-1.19.2  |
|    70 | Quilted Fabric Models (v0)                        | quilted_fabric_models_v0                      | 4.0.0-beta.25+0.70.0-1.19.2  |
|    24 | Quilted Fabric Networking (v0)                    | quilted_fabric_networking_v0                  | 4.0.0-beta.25+0.70.0-1.19.2  |
|    15 | Quilted Fabric Networking API (v1)                | quilted_fabric_networking_api_v1              | 4.0.0-beta.25+0.70.0-1.19.2  |
|    52 | Quilted Fabric Object Builder API (v1)            | quilted_fabric_object_builder_api_v1          | 4.0.0-beta.25+0.70.0-1.19.2  |
|    75 | Quilted Fabric Particles (v1)                     | quilted_fabric_particles_v1                   | 4.0.0-beta.25+0.70.0-1.19.2  |
|    48 | Quilted Fabric Registry Sync (v0)                 | quilted_fabric_registry_sync_v0               | 4.0.0-beta.25+0.70.0-1.19.2  |
|     3 | Quilted Fabric Renderer - Indigo                  | quilted_fabric_renderer_indigo                | 4.0.0-beta.25+0.70.0-1.19.2  |
|    11 | Quilted Fabric Renderer API (v1)                  | quilted_fabric_renderer_api_v1                | 4.0.0-beta.25+0.70.0-1.19.2  |
|    29 | Quilted Fabric Renderer Registries (v1)           | quilted_fabric_renderer_registries_v1         | 4.0.0-beta.25+0.70.0-1.19.2  |
|    19 | Quilted Fabric Rendering (v0)                     | quilted_fabric_rendering_v0                   | 4.0.0-beta.25+0.70.0-1.19.2  |
|    20 | Quilted Fabric Rendering (v1)                     | quilted_fabric_rendering_v1                   | 4.0.0-beta.25+0.70.0-1.19.2  |
|    47 | Quilted Fabric Rendering Data Attachment (v1)     | quilted_fabric_rendering_data_attachment_v1   | 4.0.0-beta.25+0.70.0-1.19.2  |
|     9 | Quilted Fabric Rendering Fluids (v1)              | quilted_fabric_rendering_fluids_v1            | 4.0.0-beta.25+0.70.0-1.19.2  |
|    31 | Quilted Fabric Resource Conditions API (v1)       | quilted_fabric_resource_conditions_api_v1     | 4.0.0-beta.25+0.70.0-1.19.2  |
|    60 | Quilted Fabric Resource Loader (v0)               | quilted_fabric_resource_loader_v0             | 4.0.0-beta.25+0.70.0-1.19.2  |
|    68 | Quilted Fabric Screen API (v1)                    | quilted_fabric_screen_api_v1                  | 4.0.0-beta.25+0.70.0-1.19.2  |
|    33 | Quilted Fabric Screen Handler API (v1)            | quilted_fabric_screen_handler_api_v1          | 4.0.0-beta.25+0.70.0-1.19.2  |
|    34 | Quilted Fabric Sound API (v1)                     | quilted_fabric_sound_api_v1                   | 4.0.0-beta.25+0.70.0-1.19.2  |
|    37 | Quilted Fabric Textures (v0)                      | quilted_fabric_textures_v0                    | 4.0.0-beta.25+0.70.0-1.19.2  |
|    22 | Quilted Fabric Transfer API (v1)                  | quilted_fabric_transfer_api_v1                | 4.0.0-beta.25+0.70.0-1.19.2  |
|     2 | Quilted Fabric Transitive Access Wideners (v1)    | quilted_fabric_transitive_access_wideners_v1  | 4.0.0-beta.25+0.70.0-1.19.2  |
|------:|---------------------------------------------------|-----------------------------------------------|------------------------------|
[21:00:35] [main/INFO]: SpongePowered MIXIN Subsystem Version=0.8.5 Source=file:/D:/Files/XE/AppData/Roaming/PrismLauncher/libraries/net/fabricmc/sponge-mixin/0.11.4+mixin.0.8.5/sponge-mixin-0.11.4+mixin.0.8.5.jar Service=Knot/Quilt Env=CLIENT
[21:00:35] [main/INFO]: Compatibility level set to JAVA_17
[21:00:37] [main/INFO]: [bclib] Added Config bclib.generator to auto sync (file hash)
[21:00:37] [main/INFO]: [bclib] Added Config bclib.main to auto sync (content diff)
[21:00:37] [main/INFO]: [bclib] Added Config bclib.recipes to auto sync (file hash)
[21:00:37] [main/INFO]: [bclib] Added Config bclib.biomes to auto sync (file hash)
[21:00:38] [main/INFO]: Building optimized datafixer
[21:00:45] [main/INFO]: [Quilt Command] Networking support is enabled
[21:00:46] [main/INFO]: [bclib] Added Config betternether.main to auto sync (file hash)
[21:00:46] [main/INFO]: [bclib] Added Config betternether.generator to auto sync (file hash)
[21:00:46] [main/INFO]: [bclib] Added Config betternether.blocks to auto sync (file hash)
[21:00:46] [main/INFO]: [bclib] Added Config betternether.items to auto sync (file hash)
[21:00:46] [main/INFO]: [bclib] Added Config betternether.biomes to auto sync (file hash)
[21:00:46] [main/INFO]: [bclib] Added Config betternether.mobs to auto sync (file hash)
[21:00:46] [main/INFO]: [bclib] Added Config betternether.recipes to auto sync (file hash)
[21:00:47] [main/WARN]: An unregistered entry on the Registry[ResourceKey[minecraft:root / minecraft:block] (Experimental)] registry was attempted to be registered in a content registry through the Quilted Fabric API bridge! Its instability will be circumvented through the activation of the registry's deferring queue, which may affect performance!
[21:00:49] [Render thread/INFO]: Environment: authHost='https://authserver.mojang.com', accountsHost='https://api.mojang.com', sessionHost='https://sessionserver.mojang.com', servicesHost='https://api.minecraftservices.com', name='PROD'
[21:00:49] [Render thread/INFO]: Setting user: Eczy
[21:00:50] [Render thread/INFO]: [betternether] =^..^=    BetterNether for 1.19    =^..^=
[21:00:53] [Render thread/INFO]: [Indigo] Registering Indigo renderer!
[21:00:54] [Render thread/INFO]: [Quilt Command|Client] Networking support is enabled
[21:00:55] [Render thread/INFO]: Backend library: LWJGL version 3.3.1 build 7
[21:00:55] [Worker-Bootstrap-6/INFO]: 4283 Datafixer optimizations took 16687 milliseconds
[21:00:55] [Render thread/WARN]: Removed resource pack continuity/default from options because it doesn't seem to exist anymore
[21:00:55] [Render thread/WARN]: Removed resource pack continuity/glass_pane_culling_fix from options because it doesn't seem to exist anymore
[21:00:55] [Render thread/WARN]: Removed resource pack lambdabettergrass/default from options because it doesn't seem to exist anymore
[21:00:55] [Render thread/WARN]: Removed resource pack additionalbars/classic from options because it doesn't seem to exist anymore
[21:00:55] [Render thread/INFO]: Narrator library for x64 successfully loaded
[21:00:55] [Render thread/INFO]: Reloading ResourceManager: Default (Quilted Fabric Message API (v1), Quilt DataFixerUpper API, Quilted Fabric Rendering Data Attachment (v1), Quilted Fabric Resource Conditions API (v1), Quilted Fabric Resource Loader (v0), Quilted Fabric Renderer Registries (v1), Quilt Command API, Quilted Fabric Block API (v1), Quilt Entity Networking API, Quilted Fabric API Lookup API (v1), Quilted Fabric Networking API (v1), Quilt Block Content Registry API, Quilt Points of Interest, Quilted Fabric Containers (v0), Quilted Fabric Events Lifecycle (v0), Quilted Fabric API, Quilted Fabric Transitive Access Wideners (v1), Quilt Item Content Registry API, Quilt Registry API, Quilted Fabric Textures (v0), Quilt Crash Info, Quilted Fabric Object Builder API (v1), Quilt Client Command API, Better Nether, Quilted Fabric Item Groups (v0), Quilt Surface Rule API, Quilt Advancement API, Quilt Villager API, Quilted Fabric Commands (v0), Quilted Fabric Renderer API (v1), Quilt Loader, Quilted Fabric Screen Handler API (v1), Quilt Dimension API, Quilt Screen API, Quilt Tooltip API, Quilted Fabric Transfer API (v1), Quilt Recipe API, Quilted Fabric Item API (v1), Quilted Fabric Registry Sync (v0), Quilt Item Setting API, Quilt Registry Entry Attachment, Quilted Fabric Loot Tables (v1), Quilted Fabric Loot API (v2), Quilted Fabric Command API (v1), Quilted Fabric BlockRenderLayer Registration (v1), Quilt Block Entity API, Quilt Resource Loader, Quilted Fabric Command API (v2), Quilt Vehicle API, Quilt Lifecycle Events, Quilt Tags API, Quilted Fabric Entity Events (v1), BCLib, Quilted Fabric Rendering (v0), Quilt Item Extension API, Quilted Fabric Biome API (v1), Quilted Fabric Data Generation API (v1), Quilt Entity Events, Quilted Fabric Key Bindings (v0), Quilted Fabric Networking (v0), Quilted Fabric Crash Report Info (v1), Quilted Fabric Renderer - Indigo, Quilt Base API, Quilted Fabric Mining Level API (v1), Quilted Fabric Sound API (v1), Quilted Fabric Convention Tags API (v1), Quilt Networking, Quilt Block Extensions API, Quilt Entity API, Quilted Fabric Screen API (v1), Quilted Fabric Content Registries (v0), Quilted Fabric Rendering Fluids (v1), Quilted Fabric Game Rule API (v1), Quilted Fabric Dimensions API (v1), Quilted Fabric Key Binding API (v1), Quilted Fabric Client Tags, Quilted Fabric Lifecycle Events (v1), Quilt Item Group API, Quilt Biome API, Quilted Fabric Models (v0), Quilted Fabric API Base, Quilted Fabric Events Interaction (v0), Quilted Fabric Rendering (v1), Quilt Multipart Entity API, Quilt Status Effect API, Quilted Fabric Particles (v1)), VanillaTweaks_r648622.zip, Navilla19_MoGlassBorderless.zip, Navilla19_EmeraldBackpack.zip, Navilla19_Title_Pano_Begin.zip, Navilla19_Title_Logo.zip
[21:00:56] [Render thread/ERROR]: Error adding element: Unknown registry element in ResourceKey[minecraft:root / minecraft:block]:Block{minecraft:air}
[21:00:56] [Render thread/ERROR]: Error adding element: Unknown registry element in ResourceKey[minecraft:root / minecraft:block]:Block{minecraft:air}
[21:00:56] [Render thread/ERROR]: Features: Unknown element: ResourceKey[minecraft:worldgen/configured_feature / betternether:nether_redstone_ore]; Unknown element: ResourceKey[minecraft:worldgen/configured_feature / betternether:nether_lapis_ore]
[21:00:56] [Render thread/ERROR]: Features: Unknown element: ResourceKey[minecraft:worldgen/configured_feature / betternether:nether_redstone_ore]; Unknown element: ResourceKey[minecraft:worldgen/configured_feature / betternether:nether_lapis_ore]
[21:00:56] [Render thread/ERROR]: Features: Unknown element: ResourceKey[minecraft:worldgen/configured_feature / betternether:nether_redstone_ore]; Unknown element: ResourceKey[minecraft:worldgen/configured_feature / betternether:nether_lapis_ore]
[21:00:56] [Render thread/ERROR]: Features: Unknown element: ResourceKey[minecraft:worldgen/configured_feature / betternether:nether_redstone_ore]; Unknown element: ResourceKey[minecraft:worldgen/configured_feature / betternether:nether_lapis_ore]
[21:00:56] [Render thread/ERROR]: Features: Unknown element: ResourceKey[minecraft:worldgen/configured_feature / betternether:nether_redstone_ore]; Unknown element: ResourceKey[minecraft:worldgen/configured_feature / betternether:nether_lapis_ore]
[21:00:56] [Render thread/ERROR]: Features: Unknown element: ResourceKey[minecraft:worldgen/configured_feature / betternether:nether_redstone_ore]; Unknown element: ResourceKey[minecraft:worldgen/configured_feature / betternether:nether_lapis_ore]
[21:00:56] [Render thread/ERROR]: Features: Unknown element: ResourceKey[minecraft:worldgen/configured_feature / betternether:nether_redstone_ore]; Unknown element: ResourceKey[minecraft:worldgen/configured_feature / betternether:nether_lapis_ore]
[21:00:56] [Render thread/ERROR]: Features: Unknown element: ResourceKey[minecraft:worldgen/configured_feature / betternether:nether_redstone_ore]; Unknown element: ResourceKey[minecraft:worldgen/configured_feature / betternether:nether_lapis_ore]
[21:00:56] [Render thread/ERROR]: Features: Unknown element: ResourceKey[minecraft:worldgen/configured_feature / betternether:nether_redstone_ore]; Unknown element: ResourceKey[minecraft:worldgen/configured_feature / betternether:nether_lapis_ore]
[21:00:56] [Render thread/ERROR]: Features: Unknown element: ResourceKey[minecraft:worldgen/configured_feature / betternether:nether_redstone_ore]; Unknown element: ResourceKey[minecraft:worldgen/configured_feature / betternether:nether_lapis_ore]
[21:00:56] [Render thread/ERROR]: Features: Unknown element: ResourceKey[minecraft:worldgen/configured_feature / betternether:nether_redstone_ore]; Unknown element: ResourceKey[minecraft:worldgen/configured_feature / betternether:nether_lapis_ore]
[21:00:56] [Render thread/ERROR]: Features: Unknown element: ResourceKey[minecraft:worldgen/configured_feature / betternether:nether_redstone_ore]; Unknown element: ResourceKey[minecraft:worldgen/configured_feature / betternether:nether_lapis_ore]
[21:00:56] [Render thread/ERROR]: Features: Unknown element: ResourceKey[minecraft:worldgen/configured_feature / betternether:nether_redstone_ore]; Unknown element: ResourceKey[minecraft:worldgen/configured_feature / betternether:nether_lapis_ore]
[21:00:56] [Render thread/ERROR]: Features: Unknown element: ResourceKey[minecraft:worldgen/configured_feature / betternether:nether_redstone_ore]; Unknown element: ResourceKey[minecraft:worldgen/configured_feature / betternether:nether_lapis_ore]
[21:00:56] [Render thread/ERROR]: Features: Unknown element: ResourceKey[minecraft:worldgen/configured_feature / betternether:nether_redstone_ore]; Unknown element: ResourceKey[minecraft:worldgen/configured_feature / betternether:nether_lapis_ore]
[21:00:56] [Render thread/ERROR]: Features: Unknown element: ResourceKey[minecraft:worldgen/configured_feature / betternether:nether_redstone_ore]; Unknown element: ResourceKey[minecraft:worldgen/configured_feature / betternether:nether_lapis_ore]
[21:00:56] [Render thread/ERROR]: Features: Unknown element: ResourceKey[minecraft:worldgen/configured_feature / betternether:nether_redstone_ore]; Unknown element: ResourceKey[minecraft:worldgen/configured_feature / betternether:nether_lapis_ore]
[21:00:56] [Render thread/ERROR]: Features: Unknown element: ResourceKey[minecraft:worldgen/configured_feature / betternether:nether_redstone_ore]; Unknown element: ResourceKey[minecraft:worldgen/configured_feature / betternether:nether_lapis_ore]
[21:00:56] [Render thread/ERROR]: Features: Unknown element: ResourceKey[minecraft:worldgen/configured_feature / betternether:nether_redstone_ore]; Unknown element: ResourceKey[minecraft:worldgen/configured_feature / betternether:nether_lapis_ore]
[21:00:56] [Render thread/ERROR]: Features: Unknown element: ResourceKey[minecraft:worldgen/configured_feature / betternether:nether_redstone_ore]; Unknown element: ResourceKey[minecraft:worldgen/configured_feature / betternether:nether_lapis_ore]
